This file contains any messages produced by compilers while
running configure, to aid debugging if configure makes a mistake.

It was created by configure, which was
generated by GNU Autoconf 2.68.  Invocation command line was

  $ ./configure --disable-option-checking --prefix=/usr/local --with-python --cache-file=/dev/null --srcdir=.

## --------- ##
## Platform. ##
## --------- ##

hostname = Poitin
uname -m = x86_64
uname -r = 3.2.0-126-generic
uname -s = Linux
uname -v = #169-Ubuntu SMP Fri Mar 31 14:15:21 UTC 2017

/usr/bin/uname -p = unknown
/bin/uname -X     = unknown

/bin/arch              = unknown
/usr/bin/arch -k       = unknown
/usr/convex/getsysinfo = unknown
/usr/bin/hostinfo      = unknown
/bin/machine           = unknown
/usr/bin/oslevel       = unknown
/bin/universe          = unknown

PATH: /home/gwips/bin
PATH: /usr/local/sbin
PATH: /usr/local/bin
PATH: /usr/sbin
PATH: /usr/bin
PATH: /sbin
PATH: /bin
PATH: /usr/games


## ----------- ##
## Core tests. ##
## ----------- ##

configure:2190: checking build system type
configure:2204: result: x86_64-unknown-linux-gnu
configure:2224: checking host system type
configure:2237: result: x86_64-unknown-linux-gnu
configure:2341: checking for gcc
configure:2357: found /usr/bin/gcc
configure:2368: result: gcc
configure:2597: checking for C compiler version
configure:2606: gcc --version >&5
gcc (Ubuntu/Linaro 4.6.3-1ubuntu5) 4.6.3
Copyright (C) 2011 Free Software Foundation, Inc.
This is free software; see the source for copying conditions.  There is NO
warranty; not even for MERCHANTABILITY or FITNESS FOR A PARTICULAR PURPOSE.

configure:2617: $? = 0
configure:2606: gcc -v >&5
Using built-in specs.
COLLECT_GCC=gcc
COLLECT_LTO_WRAPPER=/usr/lib/gcc/x86_64-linux-gnu/4.6/lto-wrapper
Target: x86_64-linux-gnu
Configured with: ../src/configure -v --with-pkgversion='Ubuntu/Linaro 4.6.3-1ubuntu5' --with-bugurl=file:///usr/share/doc/gcc-4.6/README.Bugs --enable-languages=c,c++,fortran,objc,obj-c++ --prefix=/usr --program-suffix=-4.6 --enable-shared --enable-linker-build-id --with-system-zlib --libexecdir=/usr/lib --without-included-gettext --enable-threads=posix --with-gxx-include-dir=/usr/include/c++/4.6 --libdir=/usr/lib --enable-nls --with-sysroot=/ --enable-clocale=gnu --enable-libstdcxx-debug --enable-libstdcxx-time=yes --enable-gnu-unique-object --enable-plugin --enable-objc-gc --disable-werror --with-arch-32=i686 --with-tune=generic --enable-checking=release --build=x86_64-linux-gnu --host=x86_64-linux-gnu --target=x86_64-linux-gnu
Thread model: posix
gcc version 4.6.3 (Ubuntu/Linaro 4.6.3-1ubuntu5) 
configure:2617: $? = 0
configure:2606: gcc -V >&5
gcc: error: unrecognized option '-V'
gcc: fatal error: no input files
compilation terminated.
configure:2617: $? = 4
configure:2606: gcc -qversion >&5
gcc: error: unrecognized option '-qversion'
gcc: fatal error: no input files
compilation terminated.
configure:2617: $? = 4
configure:2637: checking whether the C compiler works
configure:2659: gcc    conftest.c  >&5
configure:2663: $? = 0
configure:2711: result: yes
configure:2714: checking for C compiler default output file name
configure:2716: result: a.out
configure:2722: checking for suffix of executables
configure:2729: gcc -o conftest    conftest.c  >&5
configure:2733: $? = 0
configure:2755: result: 
configure:2777: checking whether we are cross compiling
configure:2785: gcc -o conftest    conftest.c  >&5
configure:2789: $? = 0
configure:2796: ./conftest
configure:2800: $? = 0
configure:2815: result: no
configure:2820: checking for suffix of object files
configure:2842: gcc -c   conftest.c >&5
configure:2846: $? = 0
configure:2867: result: o
configure:2871: checking whether we are using the GNU C compiler
configure:2890: gcc -c   conftest.c >&5
configure:2890: $? = 0
configure:2899: result: yes
configure:2908: checking whether gcc accepts -g
configure:2928: gcc -c -g  conftest.c >&5
configure:2928: $? = 0
configure:2969: result: yes
configure:2986: checking for gcc option to accept ISO C89
configure:3050: gcc  -c -g -O2  conftest.c >&5
configure:3050: $? = 0
configure:3063: result: none needed
configure:3088: checking how to run the C preprocessor
configure:3119: gcc -E  conftest.c
configure:3119: $? = 0
configure:3133: gcc -E  conftest.c
conftest.c:10:28: fatal error: ac_nonexistent.h: No such file or directory
compilation terminated.
configure:3133: $? = 1
configure: failed program was:
| /* confdefs.h */
| #define PACKAGE_NAME ""
| #define PACKAGE_TARNAME ""
| #define PACKAGE_VERSION ""
| #define PACKAGE_STRING ""
| #define PACKAGE_BUGREPORT ""
| #define PACKAGE_URL ""
| #define LINUX 1
| /* end confdefs.h.  */
| #include <ac_nonexistent.h>
configure:3158: result: gcc -E
configure:3178: gcc -E  conftest.c
configure:3178: $? = 0
configure:3192: gcc -E  conftest.c
conftest.c:10:28: fatal error: ac_nonexistent.h: No such file or directory
compilation terminated.
configure:3192: $? = 1
configure: failed program was:
| /* confdefs.h */
| #define PACKAGE_NAME ""
| #define PACKAGE_TARNAME ""
| #define PACKAGE_VERSION ""
| #define PACKAGE_STRING ""
| #define PACKAGE_BUGREPORT ""
| #define PACKAGE_URL ""
| #define LINUX 1
| /* end confdefs.h.  */
| #include <ac_nonexistent.h>
configure:3278: checking for g++
configure:3294: found /usr/bin/g++
configure:3305: result: g++
configure:3332: checking for C++ compiler version
configure:3341: g++ --version >&5
g++ (Ubuntu/Linaro 4.6.3-1ubuntu5) 4.6.3
Copyright (C) 2011 Free Software Foundation, Inc.
This is free software; see the source for copying conditions.  There is NO
warranty; not even for MERCHANTABILITY or FITNESS FOR A PARTICULAR PURPOSE.

configure:3352: $? = 0
configure:3341: g++ -v >&5
Using built-in specs.
COLLECT_GCC=g++
COLLECT_LTO_WRAPPER=/usr/lib/gcc/x86_64-linux-gnu/4.6/lto-wrapper
Target: x86_64-linux-gnu
Configured with: ../src/configure -v --with-pkgversion='Ubuntu/Linaro 4.6.3-1ubuntu5' --with-bugurl=file:///usr/share/doc/gcc-4.6/README.Bugs --enable-languages=c,c++,fortran,objc,obj-c++ --prefix=/usr --program-suffix=-4.6 --enable-shared --enable-linker-build-id --with-system-zlib --libexecdir=/usr/lib --without-included-gettext --enable-threads=posix --with-gxx-include-dir=/usr/include/c++/4.6 --libdir=/usr/lib --enable-nls --with-sysroot=/ --enable-clocale=gnu --enable-libstdcxx-debug --enable-libstdcxx-time=yes --enable-gnu-unique-object --enable-plugin --enable-objc-gc --disable-werror --with-arch-32=i686 --with-tune=generic --enable-checking=release --build=x86_64-linux-gnu --host=x86_64-linux-gnu --target=x86_64-linux-gnu
Thread model: posix
gcc version 4.6.3 (Ubuntu/Linaro 4.6.3-1ubuntu5) 
configure:3352: $? = 0
configure:3341: g++ -V >&5
g++: error: unrecognized option '-V'
g++: fatal error: no input files
compilation terminated.
configure:3352: $? = 4
configure:3341: g++ -qversion >&5
g++: error: unrecognized option '-qversion'
g++: fatal error: no input files
compilation terminated.
configure:3352: $? = 4
configure:3356: checking whether we are using the GNU C++ compiler
configure:3375: g++ -c   conftest.cpp >&5
configure:3375: $? = 0
configure:3384: result: yes
configure:3393: checking whether g++ accepts -g
configure:3413: g++ -c -g  conftest.cpp >&5
configure:3413: $? = 0
configure:3454: result: yes
configure:3520: checking for ranlib
configure:3536: found /usr/bin/ranlib
configure:3547: result: ranlib
configure:3583: checking for a BSD-compatible install
configure:3651: result: /usr/bin/install -c
configure:3664: checking for find
configure:3680: found /usr/bin/find
configure:3692: result: find
configure:3702: checking for makedepend
configure:3730: result: :
configure:3739: checking for dlopen in -ldl
configure:3764: gcc -o conftest -g -O2   conftest.c -ldl   >&5
configure:3764: $? = 0
configure:3773: result: yes
configure:3788: checking for X
configure:3896: gcc -E  conftest.c
configure:3896: $? = 0
configure:3927: gcc -o conftest -g -O2   conftest.c -lX11  >&5
configure:3927: $? = 0
configure:3977: result: libraries , headers 
configure:4076: gcc -o conftest -g -O2   conftest.c   -lX11 >&5
configure:4076: $? = 0
configure:4174: checking for gethostbyname
configure:4174: gcc -o conftest -g -O2   conftest.c  >&5
configure:4174: $? = 0
configure:4174: result: yes
configure:4271: checking for connect
configure:4271: gcc -o conftest -g -O2   conftest.c  >&5
configure:4271: $? = 0
configure:4271: result: yes
configure:4320: checking for remove
configure:4320: gcc -o conftest -g -O2   conftest.c  >&5
configure:4320: $? = 0
configure:4320: result: yes
configure:4369: checking for shmat
configure:4369: gcc -o conftest -g -O2   conftest.c  >&5
configure:4369: $? = 0
configure:4369: result: yes
configure:4427: checking for IceConnectionNumber in -lICE
configure:4452: gcc -o conftest -g -O2   conftest.c -lICE   >&5
configure:4452: $? = 0
configure:4461: result: yes
configure:4485: checking for main in -lm
configure:4504: gcc -o conftest -g -O2  -I/usr/local/include    -L/usr/local/lib conftest.c -lm   >&5
configure:4504: $? = 0
configure:4513: result: yes
configure:4523: checking for main in -lX11
configure:4542: gcc -o conftest -g -O2  -I/usr/local/include    -L/usr/local/lib -lm conftest.c -lX11   >&5
configure:4542: $? = 0
configure:4551: result: yes
configure:4558: checking for main in -lgd
configure:4577: gcc -o conftest -g -O2  -I/usr/local/include    -L/usr/local/lib -lm -lX11 conftest.c -lgd   >&5
/usr/bin/ld: cannot find -lgd
collect2: ld returned 1 exit status
configure:4577: $? = 1
configure: failed program was:
| /* confdefs.h */
| #define PACKAGE_NAME ""
| #define PACKAGE_TARNAME ""
| #define PACKAGE_VERSION ""
| #define PACKAGE_STRING ""
| #define PACKAGE_BUGREPORT ""
| #define PACKAGE_URL ""
| #define LINUX 1
| #define DO_PS 1
| #define DO_FIG 1
| #define DO_X11 1
| /* end confdefs.h.  */
| 
| 
| int
| main ()
| {
| return main ();
|   ;
|   return 0;
| }
configure:4586: result: no
configure:4709: checking for grep that handles long lines and -e
configure:4767: result: /bin/grep
configure:4772: checking for egrep
configure:4834: result: /bin/grep -E
configure:4839: checking for ANSI C header files
configure:4859: gcc -c -g -O2  -I/usr/local/include  conftest.c >&5
configure:4859: $? = 0
configure:4932: gcc -o conftest -g -O2  -I/usr/local/include    -L/usr/local/lib -lm -lX11 conftest.c  >&5
configure:4932: $? = 0
configure:4932: ./conftest
configure:4932: $? = 0
configure:4943: result: yes
configure:4956: checking for sys/types.h
configure:4956: gcc -c -g -O2  -I/usr/local/include  conftest.c >&5
configure:4956: $? = 0
configure:4956: result: yes
configure:4956: checking for sys/stat.h
configure:4956: gcc -c -g -O2  -I/usr/local/include  conftest.c >&5
configure:4956: $? = 0
configure:4956: result: yes
configure:4956: checking for stdlib.h
configure:4956: gcc -c -g -O2  -I/usr/local/include  conftest.c >&5
configure:4956: $? = 0
configure:4956: result: yes
configure:4956: checking for string.h
configure:4956: gcc -c -g -O2  -I/usr/local/include  conftest.c >&5
configure:4956: $? = 0
configure:4956: result: yes
configure:4956: checking for memory.h
configure:4956: gcc -c -g -O2  -I/usr/local/include  conftest.c >&5
configure:4956: $? = 0
configure:4956: result: yes
configure:4956: checking for strings.h
configure:4956: gcc -c -g -O2  -I/usr/local/include  conftest.c >&5
configure:4956: $? = 0
configure:4956: result: yes
configure:4956: checking for inttypes.h
configure:4956: gcc -c -g -O2  -I/usr/local/include  conftest.c >&5
configure:4956: $? = 0
configure:4956: result: yes
configure:4956: checking for stdint.h
configure:4956: gcc -c -g -O2  -I/usr/local/include  conftest.c >&5
configure:4956: $? = 0
configure:4956: result: yes
configure:4956: checking for unistd.h
configure:4956: gcc -c -g -O2  -I/usr/local/include  conftest.c >&5
configure:4956: $? = 0
configure:4956: result: yes
configure:4970: checking limits.h usability
configure:4970: gcc -c -g -O2  -I/usr/local/include  conftest.c >&5
configure:4970: $? = 0
configure:4970: result: yes
configure:4970: checking limits.h presence
configure:4970: gcc -E  conftest.c
configure:4970: $? = 0
configure:4970: result: yes
configure:4970: checking for limits.h
configure:4970: result: yes
configure:5139: creating ./config.status

## ---------------------- ##
## Running config.status. ##
## ---------------------- ##

This file was extended by config.status, which was
generated by GNU Autoconf 2.68.  Invocation command line was

  CONFIG_FILES    = 
  CONFIG_HEADERS  = 
  CONFIG_LINKS    = 
  CONFIG_COMMANDS = 
  $ ./config.status 

on Poitin

config.status:769: creating Makefile
config.status:769: creating demo/Makefile
config.status:769: creating g2_perl/Makefile.PL

## ---------------- ##
## Cache variables. ##
## ---------------- ##

ac_cv_build=x86_64-unknown-linux-gnu
ac_cv_c_compiler_gnu=yes
ac_cv_cxx_compiler_gnu=yes
ac_cv_env_CCC_set=
ac_cv_env_CCC_value=
ac_cv_env_CC_set=
ac_cv_env_CC_value=
ac_cv_env_CFLAGS_set=
ac_cv_env_CFLAGS_value=
ac_cv_env_CPPFLAGS_set=
ac_cv_env_CPPFLAGS_value=
ac_cv_env_CPP_set=
ac_cv_env_CPP_value=
ac_cv_env_CXXFLAGS_set=
ac_cv_env_CXXFLAGS_value=
ac_cv_env_CXX_set=
ac_cv_env_CXX_value=
ac_cv_env_LDFLAGS_set=
ac_cv_env_LDFLAGS_value=
ac_cv_env_LIBS_set=
ac_cv_env_LIBS_value=
ac_cv_env_XMKMF_set=
ac_cv_env_XMKMF_value=
ac_cv_env_build_alias_set=
ac_cv_env_build_alias_value=
ac_cv_env_host_alias_set=
ac_cv_env_host_alias_value=
ac_cv_env_target_alias_set=
ac_cv_env_target_alias_value=
ac_cv_func_connect=yes
ac_cv_func_gethostbyname=yes
ac_cv_func_remove=yes
ac_cv_func_shmat=yes
ac_cv_have_x='have_x=yes	ac_x_includes='\'''\''	ac_x_libraries='\'''\'''
ac_cv_header_inttypes_h=yes
ac_cv_header_limits_h=yes
ac_cv_header_memory_h=yes
ac_cv_header_stdc=yes
ac_cv_header_stdint_h=yes
ac_cv_header_stdlib_h=yes
ac_cv_header_string_h=yes
ac_cv_header_strings_h=yes
ac_cv_header_sys_stat_h=yes
ac_cv_header_sys_types_h=yes
ac_cv_header_unistd_h=yes
ac_cv_host=x86_64-unknown-linux-gnu
ac_cv_lib_ICE_IceConnectionNumber=yes
ac_cv_lib_X11_main=yes
ac_cv_lib_dl_dlopen=yes
ac_cv_lib_gd_main=no
ac_cv_lib_m_main=yes
ac_cv_objext=o
ac_cv_path_EGREP='/bin/grep -E'
ac_cv_path_GREP=/bin/grep
ac_cv_path_install='/usr/bin/install -c'
ac_cv_prog_CPP='gcc -E'
ac_cv_prog_FIND=find
ac_cv_prog_MAKEDEPEND=:
ac_cv_prog_ac_ct_CC=gcc
ac_cv_prog_ac_ct_CXX=g++
ac_cv_prog_ac_ct_RANLIB=ranlib
ac_cv_prog_cc_c89=
ac_cv_prog_cc_g=yes
ac_cv_prog_cxx_g=yes

## ----------------- ##
## Output variables. ##
## ----------------- ##

CC='gcc'
CFLAGS='-g -O2  -I/usr/local/include'
CPP='gcc -E'
CPPFLAGS=''
CXX='g++'
CXXFLAGS='-g -O2'
DEFS='-DPACKAGE_NAME=\"\" -DPACKAGE_TARNAME=\"\" -DPACKAGE_VERSION=\"\" -DPACKAGE_STRING=\"\" -DPACKAGE_BUGREPORT=\"\" -DPACKAGE_URL=\"\" -DLINUX=1 -DDO_PS=1 -DDO_FIG=1 -DDO_X11=1 -DSTDC_HEADERS=1 -DHAVE_SYS_TYPES_H=1 -DHAVE_SYS_STAT_H=1 -DHAVE_STDLIB_H=1 -DHAVE_STRING_H=1 -DHAVE_MEMORY_H=1 -DHAVE_STRINGS_H=1 -DHAVE_INTTYPES_H=1 -DHAVE_STDINT_H=1 -DHAVE_UNISTD_H=1 -DHAVE_LIMITS_H=1'
DO_FIG=''
DO_GD='#'
DO_PS=''
DO_WIN32='#'
DO_X11=''
ECHO_C=''
ECHO_N='-n'
ECHO_T=''
EGREP='/bin/grep -E'
EXEEXT=''
FIND='find'
GREP='/bin/grep'
INSTALL_DATA='${INSTALL} -m 644'
INSTALL_PROGRAM='${INSTALL}'
INSTALL_SCRIPT='${INSTALL}'
LDFLAGS='  -L/usr/local/lib -lm -lX11'
LD_SHARED='ld'
LD_SHARED_EXT='so.0.$(G2_VERSION)'
LD_SHARED_FLAGS='-shared -soname libg2.so.0'
LD_SHARED_OPT=''
LIBOBJS=''
LIBS=''
LTLIBOBJS=''
MAKEDEPEND=':'
OBJEXT='o'
PACKAGE_BUGREPORT=''
PACKAGE_NAME=''
PACKAGE_STRING=''
PACKAGE_TARNAME=''
PACKAGE_URL=''
PACKAGE_VERSION=''
PATH_SEPARATOR=':'
RANLIB='ranlib'
SHELL='/bin/bash'
XMKMF=''
X_CFLAGS=''
X_EXTRA_LIBS=''
X_LIBS=''
X_PRE_LIBS=' -lSM -lICE'
ac_ct_CC='gcc'
ac_ct_CXX='g++'
bindir='${exec_prefix}/bin'
build='x86_64-unknown-linux-gnu'
build_alias=''
build_cpu='x86_64'
build_os='linux-gnu'
build_vendor='unknown'
datadir='${datarootdir}'
datarootdir='${prefix}/share'
docdir='${datarootdir}/doc/${PACKAGE}'
dvidir='${docdir}'
exec_prefix='${prefix}'
host='x86_64-unknown-linux-gnu'
host_alias=''
host_cpu='x86_64'
host_os='linux-gnu'
host_vendor='unknown'
htmldir='${docdir}'
includedir='${prefix}/include'
infodir='${datarootdir}/info'
libdir='${exec_prefix}/lib'
libexecdir='${exec_prefix}/libexec'
localedir='${datarootdir}/locale'
localstatedir='${prefix}/var'
mandir='${datarootdir}/man'
oldincludedir='/usr/include'
pdfdir='${docdir}'
prefix='/usr/local'
program_transform_name='s,x,x,'
psdir='${docdir}'
sbindir='${exec_prefix}/sbin'
sharedstatedir='${prefix}/com'
sysconfdir='${prefix}/etc'
target_alias=''

## ----------- ##
## confdefs.h. ##
## ----------- ##

/* confdefs.h */
#define PACKAGE_NAME ""
#define PACKAGE_TARNAME ""
#define PACKAGE_VERSION ""
#define PACKAGE_STRING ""
#define PACKAGE_BUGREPORT ""
#define PACKAGE_URL ""
#define LINUX 1
#define DO_PS 1
#define DO_FIG 1
#define DO_X11 1
#define STDC_HEADERS 1
#define HAVE_SYS_TYPES_H 1
#define HAVE_SYS_STAT_H 1
#define HAVE_STDLIB_H 1
#define HAVE_STRING_H 1
#define HAVE_MEMORY_H 1
#define HAVE_STRINGS_H 1
#define HAVE_INTTYPES_H 1
#define HAVE_STDINT_H 1
#define HAVE_UNISTD_H 1
#define HAVE_LIMITS_H 1

configure: exit 0
